{"level":"error","message":"Could not get genres"}
{"message":"Could not get genres","level":"error"}
{"level":"error","message":"Could not get genres Could not get genres","stack":"Error: Could not get genres\n    at F:\\Quality\\QualityCodes\\NodeCourseMosh\\vidley-api\\routes\\genres.js:12:15\n    at F:\\Quality\\QualityCodes\\NodeCourseMosh\\vidley-api\\middleware\\async.js:4:19\n    at Layer.handle [as handle_request] (F:\\Quality\\QualityCodes\\NodeCourseMosh\\vidley-api\\node_modules\\express\\lib\\router\\layer.js:95:5)\n    at next (F:\\Quality\\QualityCodes\\NodeCourseMosh\\vidley-api\\node_modules\\express\\lib\\router\\route.js:137:13)\n    at Route.dispatch (F:\\Quality\\QualityCodes\\NodeCourseMosh\\vidley-api\\node_modules\\express\\lib\\router\\route.js:112:3)\n    at Layer.handle [as handle_request] (F:\\Quality\\QualityCodes\\NodeCourseMosh\\vidley-api\\node_modules\\express\\lib\\router\\layer.js:95:5)\n    at F:\\Quality\\QualityCodes\\NodeCourseMosh\\vidley-api\\node_modules\\express\\lib\\router\\index.js:281:22\n    at Function.process_params (F:\\Quality\\QualityCodes\\NodeCourseMosh\\vidley-api\\node_modules\\express\\lib\\router\\index.js:335:12)\n    at next (F:\\Quality\\QualityCodes\\NodeCourseMosh\\vidley-api\\node_modules\\express\\lib\\router\\index.js:275:10)\n    at Function.handle (F:\\Quality\\QualityCodes\\NodeCourseMosh\\vidley-api\\node_modules\\express\\lib\\router\\index.js:174:3)\n    at router (F:\\Quality\\QualityCodes\\NodeCourseMosh\\vidley-api\\node_modules\\express\\lib\\router\\index.js:47:12)\n    at Layer.handle [as handle_request] (F:\\Quality\\QualityCodes\\NodeCourseMosh\\vidley-api\\node_modules\\express\\lib\\router\\layer.js:95:5)\n    at trim_prefix (F:\\Quality\\QualityCodes\\NodeCourseMosh\\vidley-api\\node_modules\\express\\lib\\router\\index.js:317:13)\n    at F:\\Quality\\QualityCodes\\NodeCourseMosh\\vidley-api\\node_modules\\express\\lib\\router\\index.js:284:7\n    at Function.process_params (F:\\Quality\\QualityCodes\\NodeCourseMosh\\vidley-api\\node_modules\\express\\lib\\router\\index.js:335:12)\n    at next (F:\\Quality\\QualityCodes\\NodeCourseMosh\\vidley-api\\node_modules\\express\\lib\\router\\index.js:275:10)\n    at F:\\Quality\\QualityCodes\\NodeCourseMosh\\vidley-api\\node_modules\\express\\lib\\router\\index.js:635:15\n    at next (F:\\Quality\\QualityCodes\\NodeCourseMosh\\vidley-api\\node_modules\\express\\lib\\router\\index.js:260:14)\n    at Function.handle (F:\\Quality\\QualityCodes\\NodeCourseMosh\\vidley-api\\node_modules\\express\\lib\\router\\index.js:174:3)\n    at router (F:\\Quality\\QualityCodes\\NodeCourseMosh\\vidley-api\\node_modules\\express\\lib\\router\\index.js:47:12)\n    at Layer.handle [as handle_request] (F:\\Quality\\QualityCodes\\NodeCourseMosh\\vidley-api\\node_modules\\express\\lib\\router\\layer.js:95:5)\n    at trim_prefix (F:\\Quality\\QualityCodes\\NodeCourseMosh\\vidley-api\\node_modules\\express\\lib\\router\\index.js:317:13)"}
{"level":"error","message":"Could not get genres Could not get genres","stack":"Error: Could not get genres\n    at F:\\Quality\\QualityCodes\\NodeCourseMosh\\vidley-api\\routes\\genres.js:12:15\n    at F:\\Quality\\QualityCodes\\NodeCourseMosh\\vidley-api\\middleware\\async.js:4:19\n    at Layer.handle [as handle_request] (F:\\Quality\\QualityCodes\\NodeCourseMosh\\vidley-api\\node_modules\\express\\lib\\router\\layer.js:95:5)\n    at next (F:\\Quality\\QualityCodes\\NodeCourseMosh\\vidley-api\\node_modules\\express\\lib\\router\\route.js:137:13)\n    at Route.dispatch (F:\\Quality\\QualityCodes\\NodeCourseMosh\\vidley-api\\node_modules\\express\\lib\\router\\route.js:112:3)\n    at Layer.handle [as handle_request] (F:\\Quality\\QualityCodes\\NodeCourseMosh\\vidley-api\\node_modules\\express\\lib\\router\\layer.js:95:5)\n    at F:\\Quality\\QualityCodes\\NodeCourseMosh\\vidley-api\\node_modules\\express\\lib\\router\\index.js:281:22\n    at Function.process_params (F:\\Quality\\QualityCodes\\NodeCourseMosh\\vidley-api\\node_modules\\express\\lib\\router\\index.js:335:12)\n    at next (F:\\Quality\\QualityCodes\\NodeCourseMosh\\vidley-api\\node_modules\\express\\lib\\router\\index.js:275:10)\n    at Function.handle (F:\\Quality\\QualityCodes\\NodeCourseMosh\\vidley-api\\node_modules\\express\\lib\\router\\index.js:174:3)\n    at router (F:\\Quality\\QualityCodes\\NodeCourseMosh\\vidley-api\\node_modules\\express\\lib\\router\\index.js:47:12)\n    at Layer.handle [as handle_request] (F:\\Quality\\QualityCodes\\NodeCourseMosh\\vidley-api\\node_modules\\express\\lib\\router\\layer.js:95:5)\n    at trim_prefix (F:\\Quality\\QualityCodes\\NodeCourseMosh\\vidley-api\\node_modules\\express\\lib\\router\\index.js:317:13)\n    at F:\\Quality\\QualityCodes\\NodeCourseMosh\\vidley-api\\node_modules\\express\\lib\\router\\index.js:284:7\n    at Function.process_params (F:\\Quality\\QualityCodes\\NodeCourseMosh\\vidley-api\\node_modules\\express\\lib\\router\\index.js:335:12)\n    at next (F:\\Quality\\QualityCodes\\NodeCourseMosh\\vidley-api\\node_modules\\express\\lib\\router\\index.js:275:10)\n    at F:\\Quality\\QualityCodes\\NodeCourseMosh\\vidley-api\\node_modules\\express\\lib\\router\\index.js:635:15\n    at next (F:\\Quality\\QualityCodes\\NodeCourseMosh\\vidley-api\\node_modules\\express\\lib\\router\\index.js:260:14)\n    at Function.handle (F:\\Quality\\QualityCodes\\NodeCourseMosh\\vidley-api\\node_modules\\express\\lib\\router\\index.js:174:3)\n    at router (F:\\Quality\\QualityCodes\\NodeCourseMosh\\vidley-api\\node_modules\\express\\lib\\router\\index.js:47:12)\n    at Layer.handle [as handle_request] (F:\\Quality\\QualityCodes\\NodeCourseMosh\\vidley-api\\node_modules\\express\\lib\\router\\layer.js:95:5)\n    at trim_prefix (F:\\Quality\\QualityCodes\\NodeCourseMosh\\vidley-api\\node_modules\\express\\lib\\router\\index.js:317:13)"}
{"level":"error","message":"Could not get genres Could not get genres","stack":"Error: Could not get genres\n    at F:\\Quality\\QualityCodes\\NodeCourseMosh\\vidley-api\\routes\\genres.js:12:15\n    at F:\\Quality\\QualityCodes\\NodeCourseMosh\\vidley-api\\middleware\\async.js:4:19\n    at Layer.handle [as handle_request] (F:\\Quality\\QualityCodes\\NodeCourseMosh\\vidley-api\\node_modules\\express\\lib\\router\\layer.js:95:5)\n    at next (F:\\Quality\\QualityCodes\\NodeCourseMosh\\vidley-api\\node_modules\\express\\lib\\router\\route.js:137:13)\n    at Route.dispatch (F:\\Quality\\QualityCodes\\NodeCourseMosh\\vidley-api\\node_modules\\express\\lib\\router\\route.js:112:3)\n    at Layer.handle [as handle_request] (F:\\Quality\\QualityCodes\\NodeCourseMosh\\vidley-api\\node_modules\\express\\lib\\router\\layer.js:95:5)\n    at F:\\Quality\\QualityCodes\\NodeCourseMosh\\vidley-api\\node_modules\\express\\lib\\router\\index.js:281:22\n    at Function.process_params (F:\\Quality\\QualityCodes\\NodeCourseMosh\\vidley-api\\node_modules\\express\\lib\\router\\index.js:335:12)\n    at next (F:\\Quality\\QualityCodes\\NodeCourseMosh\\vidley-api\\node_modules\\express\\lib\\router\\index.js:275:10)\n    at Function.handle (F:\\Quality\\QualityCodes\\NodeCourseMosh\\vidley-api\\node_modules\\express\\lib\\router\\index.js:174:3)\n    at router (F:\\Quality\\QualityCodes\\NodeCourseMosh\\vidley-api\\node_modules\\express\\lib\\router\\index.js:47:12)\n    at Layer.handle [as handle_request] (F:\\Quality\\QualityCodes\\NodeCourseMosh\\vidley-api\\node_modules\\express\\lib\\router\\layer.js:95:5)\n    at trim_prefix (F:\\Quality\\QualityCodes\\NodeCourseMosh\\vidley-api\\node_modules\\express\\lib\\router\\index.js:317:13)\n    at F:\\Quality\\QualityCodes\\NodeCourseMosh\\vidley-api\\node_modules\\express\\lib\\router\\index.js:284:7\n    at Function.process_params (F:\\Quality\\QualityCodes\\NodeCourseMosh\\vidley-api\\node_modules\\express\\lib\\router\\index.js:335:12)\n    at next (F:\\Quality\\QualityCodes\\NodeCourseMosh\\vidley-api\\node_modules\\express\\lib\\router\\index.js:275:10)\n    at F:\\Quality\\QualityCodes\\NodeCourseMosh\\vidley-api\\node_modules\\express\\lib\\router\\index.js:635:15\n    at next (F:\\Quality\\QualityCodes\\NodeCourseMosh\\vidley-api\\node_modules\\express\\lib\\router\\index.js:260:14)\n    at Function.handle (F:\\Quality\\QualityCodes\\NodeCourseMosh\\vidley-api\\node_modules\\express\\lib\\router\\index.js:174:3)\n    at router (F:\\Quality\\QualityCodes\\NodeCourseMosh\\vidley-api\\node_modules\\express\\lib\\router\\index.js:47:12)\n    at Layer.handle [as handle_request] (F:\\Quality\\QualityCodes\\NodeCourseMosh\\vidley-api\\node_modules\\express\\lib\\router\\layer.js:95:5)\n    at trim_prefix (F:\\Quality\\QualityCodes\\NodeCourseMosh\\vidley-api\\node_modules\\express\\lib\\router\\index.js:317:13)"}
{"level":"error","message":"Could not get genres Could not get genres","stack":"Error: Could not get genres\n    at F:\\Quality\\QualityCodes\\NodeCourseMosh\\vidley-api\\routes\\genres.js:12:15\n    at F:\\Quality\\QualityCodes\\NodeCourseMosh\\vidley-api\\middleware\\async.js:4:19\n    at Layer.handle [as handle_request] (F:\\Quality\\QualityCodes\\NodeCourseMosh\\vidley-api\\node_modules\\express\\lib\\router\\layer.js:95:5)\n    at next (F:\\Quality\\QualityCodes\\NodeCourseMosh\\vidley-api\\node_modules\\express\\lib\\router\\route.js:137:13)\n    at Route.dispatch (F:\\Quality\\QualityCodes\\NodeCourseMosh\\vidley-api\\node_modules\\express\\lib\\router\\route.js:112:3)\n    at Layer.handle [as handle_request] (F:\\Quality\\QualityCodes\\NodeCourseMosh\\vidley-api\\node_modules\\express\\lib\\router\\layer.js:95:5)\n    at F:\\Quality\\QualityCodes\\NodeCourseMosh\\vidley-api\\node_modules\\express\\lib\\router\\index.js:281:22\n    at Function.process_params (F:\\Quality\\QualityCodes\\NodeCourseMosh\\vidley-api\\node_modules\\express\\lib\\router\\index.js:335:12)\n    at next (F:\\Quality\\QualityCodes\\NodeCourseMosh\\vidley-api\\node_modules\\express\\lib\\router\\index.js:275:10)\n    at Function.handle (F:\\Quality\\QualityCodes\\NodeCourseMosh\\vidley-api\\node_modules\\express\\lib\\router\\index.js:174:3)\n    at router (F:\\Quality\\QualityCodes\\NodeCourseMosh\\vidley-api\\node_modules\\express\\lib\\router\\index.js:47:12)\n    at Layer.handle [as handle_request] (F:\\Quality\\QualityCodes\\NodeCourseMosh\\vidley-api\\node_modules\\express\\lib\\router\\layer.js:95:5)\n    at trim_prefix (F:\\Quality\\QualityCodes\\NodeCourseMosh\\vidley-api\\node_modules\\express\\lib\\router\\index.js:317:13)\n    at F:\\Quality\\QualityCodes\\NodeCourseMosh\\vidley-api\\node_modules\\express\\lib\\router\\index.js:284:7\n    at Function.process_params (F:\\Quality\\QualityCodes\\NodeCourseMosh\\vidley-api\\node_modules\\express\\lib\\router\\index.js:335:12)\n    at next (F:\\Quality\\QualityCodes\\NodeCourseMosh\\vidley-api\\node_modules\\express\\lib\\router\\index.js:275:10)\n    at F:\\Quality\\QualityCodes\\NodeCourseMosh\\vidley-api\\node_modules\\express\\lib\\router\\index.js:635:15\n    at next (F:\\Quality\\QualityCodes\\NodeCourseMosh\\vidley-api\\node_modules\\express\\lib\\router\\index.js:260:14)\n    at Function.handle (F:\\Quality\\QualityCodes\\NodeCourseMosh\\vidley-api\\node_modules\\express\\lib\\router\\index.js:174:3)\n    at router (F:\\Quality\\QualityCodes\\NodeCourseMosh\\vidley-api\\node_modules\\express\\lib\\router\\index.js:47:12)\n    at Layer.handle [as handle_request] (F:\\Quality\\QualityCodes\\NodeCourseMosh\\vidley-api\\node_modules\\express\\lib\\router\\layer.js:95:5)\n    at trim_prefix (F:\\Quality\\QualityCodes\\NodeCourseMosh\\vidley-api\\node_modules\\express\\lib\\router\\index.js:317:13)"}
{"level":"error","message":"Uncaught exception Uncaught exception","stack":"Error: Uncaught exception\n    at Object.<anonymous> (F:\\Quality\\QualityCodes\\NodeCourseMosh\\vidley-api\\index.js:30:7)\n    at Module._compile (internal/modules/cjs/loader.js:1138:30)\n    at Object.Module._extensions..js (internal/modules/cjs/loader.js:1158:10)\n    at Module.load (internal/modules/cjs/loader.js:986:32)\n    at Function.Module._load (internal/modules/cjs/loader.js:879:14)\n    at Function.executeUserEntryPoint [as runMain] (internal/modules/run_main.js:71:12)\n    at internal/main/run_main_module.js:17:47"}
{"level":"error","message":"Uncaught Promise Uncaught Promise","stack":"Error: Uncaught Promise\n    at Object.<anonymous> (F:\\Quality\\QualityCodes\\NodeCourseMosh\\vidley-api\\index.js:39:26)\n    at Module._compile (internal/modules/cjs/loader.js:1138:30)\n    at Object.Module._extensions..js (internal/modules/cjs/loader.js:1158:10)\n    at Module.load (internal/modules/cjs/loader.js:986:32)\n    at Function.Module._load (internal/modules/cjs/loader.js:879:14)\n    at Function.executeUserEntryPoint [as runMain] (internal/modules/run_main.js:71:12)\n    at internal/main/run_main_module.js:17:47"}
{"message":"connect ECONNREFUSED 127.0.0.1:27017 connect ECONNREFUSED 127.0.0.1:27017","reason":{"type":"Single","setName":null,"maxSetVersion":null,"maxElectionId":null,"servers":{},"stale":false,"compatible":true,"compatibilityError":null,"logicalSessionTimeoutMinutes":null,"heartbeatFrequencyMS":10000,"localThresholdMS":15,"commonWireVersion":null},"level":"error","stack":"MongooseServerSelectionError: connect ECONNREFUSED 127.0.0.1:27017\n    at NativeConnection.Connection.openUri (F:\\Quality\\QualityCodes\\NodeCourseMosh\\vidley-api\\node_modules\\mongoose\\lib\\connection.js:830:32)\n    at Mongoose.connect (F:\\Quality\\QualityCodes\\NodeCourseMosh\\vidley-api\\node_modules\\mongoose\\lib\\index.js:335:15)\n    at module.exports (F:\\Quality\\QualityCodes\\NodeCourseMosh\\vidley-api\\startup\\db.js:6:14)\n    at Object.<anonymous> (F:\\Quality\\QualityCodes\\NodeCourseMosh\\vidley-api\\index.js:7:27)\n    at Module._compile (internal/modules/cjs/loader.js:1138:30)\n    at Object.Module._extensions..js (internal/modules/cjs/loader.js:1158:10)\n    at Module.load (internal/modules/cjs/loader.js:986:32)\n    at Function.Module._load (internal/modules/cjs/loader.js:879:14)\n    at Function.executeUserEntryPoint [as runMain] (internal/modules/run_main.js:71:12)\n    at internal/main/run_main_module.js:17:47"}
{"level":"error","message":"FATAL ERROR : jwtPrivateKey is not defined FATAL ERROR : jwtPrivateKey is not defined","stack":"Error: FATAL ERROR : jwtPrivateKey is not defined\n    at module.exports (F:\\Quality\\QualityCodes\\NodeCourseMosh\\vidley-api\\startup\\config.js:6:14)\n    at Object.<anonymous> (F:\\Quality\\QualityCodes\\NodeCourseMosh\\vidley-api\\index.js:7:28)\n    at Module._compile (internal/modules/cjs/loader.js:1138:30)\n    at Object.Module._extensions..js (internal/modules/cjs/loader.js:1158:10)\n    at Module.load (internal/modules/cjs/loader.js:986:32)\n    at Function.Module._load (internal/modules/cjs/loader.js:879:14)\n    at Function.executeUserEntryPoint [as runMain] (internal/modules/run_main.js:71:12)\n    at internal/main/run_main_module.js:17:47"}
{"message":"Connected To MongoDb","level":"info"}
{"level":"error","message":"FATAL ERROR : jwtPrivateKey is not defined FATAL ERROR : jwtPrivateKey is not defined","stack":"Error: FATAL ERROR : jwtPrivateKey is not defined\n    at module.exports (F:\\Quality\\QualityCodes\\NodeCourseMosh\\vidley-api\\startup\\config.js:6:14)\n    at Object.<anonymous> (F:\\Quality\\QualityCodes\\NodeCourseMosh\\vidley-api\\index.js:7:28)\n    at Module._compile (internal/modules/cjs/loader.js:1138:30)\n    at Object.Module._extensions..js (internal/modules/cjs/loader.js:1158:10)\n    at Module.load (internal/modules/cjs/loader.js:986:32)\n    at Function.Module._load (internal/modules/cjs/loader.js:879:14)\n    at Function.executeUserEntryPoint [as runMain] (internal/modules/run_main.js:71:12)\n    at internal/main/run_main_module.js:17:47"}
{"message":"Connected To MongoDb","level":"info"}
{"level":"error","message":"FATAL ERROR : jwtPrivateKey is not defined FATAL ERROR : jwtPrivateKey is not defined","stack":"Error: FATAL ERROR : jwtPrivateKey is not defined\n    at module.exports (F:\\Quality\\QualityCodes\\NodeCourseMosh\\vidley-api\\startup\\config.js:6:14)\n    at Object.<anonymous> (F:\\Quality\\QualityCodes\\NodeCourseMosh\\vidley-api\\index.js:8:28)\n    at Module._compile (internal/modules/cjs/loader.js:1138:30)\n    at Object.Module._extensions..js (internal/modules/cjs/loader.js:1158:10)\n    at Module.load (internal/modules/cjs/loader.js:986:32)\n    at Function.Module._load (internal/modules/cjs/loader.js:879:14)\n    at Function.executeUserEntryPoint [as runMain] (internal/modules/run_main.js:71:12)\n    at internal/main/run_main_module.js:17:47"}
{"message":"Connected To MongoDb","level":"info"}
{"level":"error","message":"FATAL ERROR : jwtPrivateKey is not defined FATAL ERROR : jwtPrivateKey is not defined","stack":"Error: FATAL ERROR : jwtPrivateKey is not defined\n    at module.exports (F:\\Quality\\QualityCodes\\NodeCourseMosh\\vidley-api\\startup\\config.js:6:14)\n    at Object.<anonymous> (F:\\Quality\\QualityCodes\\NodeCourseMosh\\vidley-api\\index.js:8:28)\n    at Module._compile (internal/modules/cjs/loader.js:1138:30)\n    at Object.Module._extensions..js (internal/modules/cjs/loader.js:1158:10)\n    at Module.load (internal/modules/cjs/loader.js:986:32)\n    at Function.Module._load (internal/modules/cjs/loader.js:879:14)\n    at Function.executeUserEntryPoint [as runMain] (internal/modules/run_main.js:71:12)\n    at internal/main/run_main_module.js:17:47"}
{"message":"Connected To MongoDb","level":"info"}
{"level":"error","message":"FATAL ERROR : jwtPrivateKey is not defined FATAL ERROR : jwtPrivateKey is not defined","stack":"Error: FATAL ERROR : jwtPrivateKey is not defined\n    at module.exports (F:\\Quality\\QualityCodes\\NodeCourseMosh\\vidley-api\\startup\\config.js:6:14)\n    at Object.<anonymous> (F:\\Quality\\QualityCodes\\NodeCourseMosh\\vidley-api\\index.js:8:28)\n    at Module._compile (internal/modules/cjs/loader.js:1138:30)\n    at Object.Module._extensions..js (internal/modules/cjs/loader.js:1158:10)\n    at Module.load (internal/modules/cjs/loader.js:986:32)\n    at Function.Module._load (internal/modules/cjs/loader.js:879:14)\n    at Function.executeUserEntryPoint [as runMain] (internal/modules/run_main.js:71:12)\n    at internal/main/run_main_module.js:17:47"}
{"message":"Connected To MongoDb","level":"info"}
{"level":"error","message":"FATAL ERROR : jwtPrivateKey is not defined FATAL ERROR : jwtPrivateKey is not defined","stack":"Error: FATAL ERROR : jwtPrivateKey is not defined\n    at module.exports (F:\\Quality\\QualityCodes\\NodeCourseMosh\\vidley-api\\startup\\config.js:6:14)\n    at Object.<anonymous> (F:\\Quality\\QualityCodes\\NodeCourseMosh\\vidley-api\\index.js:8:28)\n    at Module._compile (internal/modules/cjs/loader.js:1138:30)\n    at Object.Module._extensions..js (internal/modules/cjs/loader.js:1158:10)\n    at Module.load (internal/modules/cjs/loader.js:986:32)\n    at Function.Module._load (internal/modules/cjs/loader.js:879:14)\n    at Function.executeUserEntryPoint [as runMain] (internal/modules/run_main.js:71:12)\n    at internal/main/run_main_module.js:17:47"}
{"message":"Connected To MongoDb","level":"info"}
{"level":"error","message":"FATAL ERROR : jwtPrivateKey is not defined FATAL ERROR : jwtPrivateKey is not defined","stack":"Error: FATAL ERROR : jwtPrivateKey is not defined\n    at module.exports (F:\\Quality\\QualityCodes\\NodeCourseMosh\\vidley-api\\startup\\config.js:6:14)\n    at Object.<anonymous> (F:\\Quality\\QualityCodes\\NodeCourseMosh\\vidley-api\\index.js:8:28)\n    at Module._compile (internal/modules/cjs/loader.js:1138:30)\n    at Object.Module._extensions..js (internal/modules/cjs/loader.js:1158:10)\n    at Module.load (internal/modules/cjs/loader.js:986:32)\n    at Function.Module._load (internal/modules/cjs/loader.js:879:14)\n    at Function.executeUserEntryPoint [as runMain] (internal/modules/run_main.js:71:12)\n    at internal/main/run_main_module.js:17:47"}
{"message":"Connected To MongoDb","level":"info"}
{"level":"error","message":"FATAL ERROR : jwtPrivateKey is not defined FATAL ERROR : jwtPrivateKey is not defined","stack":"Error: FATAL ERROR : jwtPrivateKey is not defined\n    at module.exports (F:\\Quality\\QualityCodes\\NodeCourseMosh\\vidley-api\\startup\\config.js:6:14)\n    at Object.<anonymous> (F:\\Quality\\QualityCodes\\NodeCourseMosh\\vidley-api\\index.js:8:28)\n    at Module._compile (internal/modules/cjs/loader.js:1138:30)\n    at Object.Module._extensions..js (internal/modules/cjs/loader.js:1158:10)\n    at Module.load (internal/modules/cjs/loader.js:986:32)\n    at Function.Module._load (internal/modules/cjs/loader.js:879:14)\n    at Function.executeUserEntryPoint [as runMain] (internal/modules/run_main.js:71:12)\n    at internal/main/run_main_module.js:17:47"}
{"message":"Connected To MongoDb","level":"info"}
{"level":"error","message":"FATAL ERROR : jwtPrivateKey is not defined FATAL ERROR : jwtPrivateKey is not defined","stack":"Error: FATAL ERROR : jwtPrivateKey is not defined\n    at module.exports (F:\\Quality\\QualityCodes\\NodeCourseMosh\\vidley-api\\startup\\config.js:6:14)\n    at Object.<anonymous> (F:\\Quality\\QualityCodes\\NodeCourseMosh\\vidley-api\\index.js:6:28)\n    at Module._compile (internal/modules/cjs/loader.js:1138:30)\n    at Object.Module._extensions..js (internal/modules/cjs/loader.js:1158:10)\n    at Module.load (internal/modules/cjs/loader.js:986:32)\n    at Function.Module._load (internal/modules/cjs/loader.js:879:14)\n    at Function.executeUserEntryPoint [as runMain] (internal/modules/run_main.js:71:12)\n    at internal/main/run_main_module.js:17:47"}
{"message":"Listening on Port 3000 ......","level":"info"}
{"message":"Connected To MongoDb","level":"info"}
{"level":"error","message":"FATAL ERROR : jwtPrivateKey is not defined FATAL ERROR : jwtPrivateKey is not defined","stack":"Error: FATAL ERROR : jwtPrivateKey is not defined\n    at module.exports (F:\\Quality\\QualityCodes\\NodeCourseMosh\\vidley-api\\startup\\config.js:6:14)\n    at Object.<anonymous> (F:\\Quality\\QualityCodes\\NodeCourseMosh\\vidley-api\\index.js:6:28)\n    at Module._compile (internal/modules/cjs/loader.js:1138:30)\n    at Object.Module._extensions..js (internal/modules/cjs/loader.js:1158:10)\n    at Module.load (internal/modules/cjs/loader.js:986:32)\n    at Function.Module._load (internal/modules/cjs/loader.js:879:14)\n    at Function.executeUserEntryPoint [as runMain] (internal/modules/run_main.js:71:12)\n    at internal/main/run_main_module.js:17:47"}
{"message":"Listening on Port 3000 ......","level":"info"}
{"message":"Connected To mongodb://localhost/vidley","level":"info"}
{"message":"Listening on Port 3000 ......","level":"info"}
{"message":"Connected To mongodb://localhost/vidley","level":"info"}
{"message":"Listening on Port 3000 ......","level":"info"}
{"message":"Connected To mongodb://localhost/vidley_tests","level":"info"}
{"message":"Listening on Port 3000 ......","level":"info"}
{"message":"Connected To mongodb://localhost/vidley_tests","level":"info"}
{"message":"Listening on Port 3000 ......","level":"info"}
{"message":"Connected To mongodb://localhost/vidley_tests","level":"info"}
{"message":"Listening on Port 3000 ......","level":"info"}
{"message":"Connected To mongodb://localhost/vidley_tests","level":"info"}
{"message":"Listening on Port 3000 ......","level":"info"}
{"message":"Connected To mongodb://localhost/vidley_tests","level":"info"}
{"message":"Listening on Port 3000 ......","level":"info"}
{"message":"Connected To mongodb://localhost/vidley_tests","level":"info"}
{"message":"Listening on Port 3000 ......","level":"info"}
{"message":"Connected To mongodb://localhost/vidley_tests","level":"info"}
{"message":"Listening on Port 3000 ......","level":"info"}
{"message":"Connected To mongodb://localhost/vidley_tests","level":"info"}
{"message":"Listening on Port 3000 ......","level":"info"}
{"message":"Connected To mongodb://localhost/vidley_tests","level":"info"}
{"message":"Listening on Port 3000 ......","level":"info"}
{"message":"Connected To mongodb://localhost/vidley_tests","level":"info"}
{"message":"Listening on Port 3000 ......","level":"info"}
{"message":"Connected To mongodb://localhost/vidley_tests","level":"info"}
{"message":"Listening on Port 3000 ......","level":"info"}
{"message":"Connected To mongodb://localhost/vidley_tests","level":"info"}
{"message":"Listening on Port 3000 ......","level":"info"}
{"message":"Connected To mongodb://localhost/vidley_tests","level":"info"}
{"message":"Listening on Port 3000 ......","level":"info"}
{"message":"Connected To mongodb://localhost/vidley_tests","level":"info"}
{"message":"Listening on Port 3000 ......","level":"info"}
{"message":"Connected To mongodb://localhost/vidley_tests","level":"info"}
{"message":"Listening on Port 3000 ......","level":"info"}
{"message":"Connected To mongodb://localhost/vidley_tests","level":"info"}
{"message":"Listening on Port 3000 ......","level":"info"}
{"message":"Connected To mongodb://localhost/vidley_tests","level":"info"}
{"message":"Listening on Port 3000 ......","level":"info"}
{"message":"Connected To mongodb://localhost/vidley_tests","level":"info"}
{"message":"Listening on Port 3000 ......","level":"info"}
{"message":"Connected To mongodb://localhost/vidley_tests","level":"info"}
{"message":"Listening on Port 3000 ......","level":"info"}
{"message":"Connected To mongodb://localhost/vidley_tests","level":"info"}
{"message":"Listening on Port 3000 ......","level":"info"}
{"message":"Connected To mongodb://localhost/vidley_tests","level":"info"}
{"message":"Listening on Port 3000 ......","level":"info"}
{"message":"Connected To mongodb://localhost/vidley_tests","level":"info"}
{"message":"Listening on Port 3000 ......","level":"info"}
{"message":"Connected To mongodb://localhost/vidley_tests","level":"info"}
{"message":"Listening on Port 3000 ......","level":"info"}
{"message":"Connected To mongodb://localhost/vidley_tests","level":"info"}
{"message":"Listening on Port 3000 ......","level":"info"}
{"message":"Connected To mongodb://localhost/vidley_tests","level":"info"}
{"message":"Listening on Port 3000 ......","level":"info"}
{"message":"Connected To mongodb://localhost/vidley_tests","level":"info"}
{"message":"Listening on Port 3000 ......","level":"info"}
{"message":"Connected To mongodb://localhost/vidley_tests","level":"info"}
{"message":"Connected To mongodb://localhost/vidley_tests","level":"info"}
{"message":"Connected To mongodb://localhost/vidley_tests","level":"info"}
{"message":"Connected To mongodb://localhost/vidley_tests","level":"info"}
{"message":"Connected To mongodb://localhost/vidley_tests","level":"info"}
{"message":"Connected To mongodb://localhost/vidley_tests","level":"info"}
{"message":"Connected To mongodb://localhost/vidley_tests","level":"info"}
{"level":"error","message":"FATAL ERROR : jwtPrivateKey is not defined FATAL ERROR : jwtPrivateKey is not defined","stack":"Error: FATAL ERROR : jwtPrivateKey is not defined\n    at module.exports (F:\\Quality\\QualityCodes\\NodeCourseMosh\\vidley-api\\startup\\config.js:6:14)\n    at Object.<anonymous> (F:\\Quality\\QualityCodes\\NodeCourseMosh\\vidley-api\\index.js:6:28)\n    at Module._compile (internal/modules/cjs/loader.js:1138:30)\n    at Object.Module._extensions..js (internal/modules/cjs/loader.js:1158:10)\n    at Module.load (internal/modules/cjs/loader.js:986:32)\n    at Function.Module._load (internal/modules/cjs/loader.js:879:14)\n    at Function.executeUserEntryPoint [as runMain] (internal/modules/run_main.js:71:12)\n    at internal/main/run_main_module.js:17:47"}
{"level":"error","message":"FATAL ERROR : jwtPrivateKey is not defined FATAL ERROR : jwtPrivateKey is not defined","stack":"Error: FATAL ERROR : jwtPrivateKey is not defined\n    at module.exports (F:\\Quality\\QualityCodes\\NodeCourseMosh\\vidley-api\\startup\\config.js:6:14)\n    at Object.<anonymous> (F:\\Quality\\QualityCodes\\NodeCourseMosh\\vidley-api\\index.js:6:28)\n    at Module._compile (internal/modules/cjs/loader.js:1138:30)\n    at Object.Module._extensions..js (internal/modules/cjs/loader.js:1158:10)\n    at Module.load (internal/modules/cjs/loader.js:986:32)\n    at Function.Module._load (internal/modules/cjs/loader.js:879:14)\n    at Function.executeUserEntryPoint [as runMain] (internal/modules/run_main.js:71:12)\n    at internal/main/run_main_module.js:17:47"}
{"message":"Connected To mongodb://localhost/vidley","level":"info"}
{"message":"Listening on Port 3000 ......","level":"info"}
{"message":"Connected To mongodb://localhost/vidley","level":"info"}
{"message":"Listening on Port 3000 ......","level":"info"}
{"message":"Listening on Port 3000 ......","level":"info"}
{"message":"Connected To mongodb://localhost/vidley_tests","level":"info"}
{"message":"Listening on Port 3000 ......","level":"info"}
{"message":"Connected To mongodb://localhost/vidley_tests","level":"info"}
{"message":"Listening on Port 3000 ......","level":"info"}
{"message":"Connected To mongodb://localhost/vidley_tests","level":"info"}
{"message":"Listening on Port 3000 ......","level":"info"}
{"message":"Connected To mongodb://localhost/vidley_tests","level":"info"}
{"message":"Listening on Port 3000 ......","level":"info"}
{"message":"Connected To mongodb://localhost/vidley_tests","level":"info"}
{"message":"Listening on Port 3000 ......","level":"info"}
{"message":"Connected To mongodb://localhost/vidley_tests","level":"info"}
{"message":"Listening on Port 3000 ......","level":"info"}
{"message":"Connected To mongodb://localhost/vidley_tests","level":"info"}
{"message":"Listening on Port 3000 ......","level":"info"}
{"message":"Connected To mongodb://localhost/vidley_tests","level":"info"}
{"message":"Listening on Port 3000 ......","level":"info"}
{"message":"Connected To mongodb://localhost/vidley_tests","level":"info"}
{"message":"Listening on Port 3000 ......","level":"info"}
{"message":"Connected To mongodb://localhost/vidley_tests","level":"info"}
